<?xml version="1.0" encoding="UTF-8"?>
<coverage generated="1713823852434" clover="3.2.0">
  <project timestamp="1713823852434" name="All files">
    <metrics statements="158" coveredstatements="134" conditionals="40" coveredconditionals="27" methods="56" coveredmethods="46" elements="254" coveredelements="207" complexity="0" loc="158" ncloc="158" packages="5" files="15" classes="15"/>
    <package name="src">
      <metrics statements="7" coveredstatements="7" conditionals="2" coveredconditionals="2" methods="3" coveredmethods="3"/>
      <file name="store.ts" path="/Users/francescobedussi/repo/personal/ganpro/src/store.ts">
        <metrics statements="3" coveredstatements="3" conditionals="0" coveredconditionals="0" methods="1" coveredmethods="1"/>
        <line num="6" count="7" type="stmt"/>
        <line num="12" count="7" type="stmt"/>
        <line num="17" count="7" type="stmt"/>
      </file>
      <file name="test-utils.tsx" path="/Users/francescobedussi/repo/personal/ganpro/src/test-utils.tsx">
        <metrics statements="4" coveredstatements="4" conditionals="2" coveredconditionals="2" methods="2" coveredmethods="2"/>
        <line num="7" count="7" type="stmt"/>
        <line num="8" count="23" type="stmt"/>
        <line num="15" count="7" type="stmt"/>
        <line num="18" count="23" type="stmt"/>
      </file>
    </package>
    <package name="src.pages.projects">
      <metrics statements="16" coveredstatements="13" conditionals="2" coveredconditionals="0" methods="6" coveredmethods="5"/>
      <file name="ProjectCard.tsx" path="/Users/francescobedussi/repo/personal/ganpro/src/pages/projects/ProjectCard.tsx">
        <metrics statements="2" coveredstatements="2" conditionals="0" coveredconditionals="0" methods="1" coveredmethods="1"/>
        <line num="4" count="2" type="stmt"/>
        <line num="5" count="111" type="stmt"/>
      </file>
      <file name="Projects.tsx" path="/Users/francescobedussi/repo/personal/ganpro/src/pages/projects/Projects.tsx">
        <metrics statements="14" coveredstatements="11" conditionals="2" coveredconditionals="0" methods="5" coveredmethods="4"/>
        <line num="6" count="1" type="stmt"/>
        <line num="13" count="55" type="stmt"/>
        <line num="14" count="55" type="stmt"/>
        <line num="16" count="55" type="stmt"/>
        <line num="20" count="110" type="stmt"/>
        <line num="29" count="44" type="stmt"/>
        <line num="30" count="44" type="stmt"/>
        <line num="38" count="3" type="stmt"/>
        <line num="39" count="3" type="stmt"/>
        <line num="40" count="3" type="stmt"/>
        <line num="49" count="1" type="stmt"/>
        <line num="50" count="0" type="stmt"/>
        <line num="51" count="0" type="stmt"/>
        <line num="53" count="0" type="cond" truecount="0" falsecount="2"/>
      </file>
    </package>
    <package name="src.pages.tasks">
      <metrics statements="35" coveredstatements="29" conditionals="4" coveredconditionals="0" methods="13" coveredmethods="11"/>
      <file name="NewTaskData.tsx" path="/Users/francescobedussi/repo/personal/ganpro/src/pages/tasks/NewTaskData.tsx">
        <metrics statements="13" coveredstatements="13" conditionals="0" coveredconditionals="0" methods="5" coveredmethods="5"/>
        <line num="7" count="2" type="stmt"/>
        <line num="18" count="58" type="stmt"/>
        <line num="22" count="4" type="stmt"/>
        <line num="23" count="4" type="stmt"/>
        <line num="24" count="4" type="stmt"/>
        <line num="25" count="4" type="stmt"/>
        <line num="26" count="4" type="stmt"/>
        <line num="27" count="4" type="stmt"/>
        <line num="28" count="4" type="stmt"/>
        <line num="29" count="4" type="stmt"/>
        <line num="37" count="4" type="stmt"/>
        <line num="38" count="1" type="stmt"/>
        <line num="50" count="115" type="stmt"/>
      </file>
      <file name="TaskCard.tsx" path="/Users/francescobedussi/repo/personal/ganpro/src/pages/tasks/TaskCard.tsx">
        <metrics statements="2" coveredstatements="2" conditionals="0" coveredconditionals="0" methods="1" coveredmethods="1"/>
        <line num="3" count="1" type="stmt"/>
        <line num="4" count="114" type="stmt"/>
      </file>
      <file name="Tasks.tsx" path="/Users/francescobedussi/repo/personal/ganpro/src/pages/tasks/Tasks.tsx">
        <metrics statements="20" coveredstatements="14" conditionals="4" coveredconditionals="0" methods="7" coveredmethods="5"/>
        <line num="12" count="1" type="stmt"/>
        <line num="21" count="57" type="stmt"/>
        <line num="22" count="57" type="stmt"/>
        <line num="23" count="57" type="stmt"/>
        <line num="25" count="57" type="stmt"/>
        <line num="32" count="114" type="stmt"/>
        <line num="41" count="40" type="stmt"/>
        <line num="42" count="40" type="stmt"/>
        <line num="50" count="4" type="stmt"/>
        <line num="56" count="0" type="stmt"/>
        <line num="62" count="3" type="stmt"/>
        <line num="63" count="3" type="stmt"/>
        <line num="64" count="3" type="stmt"/>
        <line num="65" count="3" type="stmt"/>
        <line num="73" count="1" type="stmt"/>
        <line num="74" count="0" type="stmt"/>
        <line num="75" count="0" type="stmt"/>
        <line num="76" count="0" type="stmt"/>
        <line num="77" count="0" type="stmt"/>
        <line num="79" count="0" type="cond" truecount="0" falsecount="2"/>
      </file>
    </package>
    <package name="src.services">
      <metrics statements="63" coveredstatements="54" conditionals="10" coveredconditionals="9" methods="24" coveredmethods="18"/>
      <file name="projects.ts" path="/Users/francescobedussi/repo/personal/ganpro/src/services/projects.ts">
        <metrics statements="7" coveredstatements="5" conditionals="0" coveredconditionals="0" methods="4" coveredmethods="2"/>
        <line num="5" count="7" type="stmt"/>
        <line num="7" count="7" type="stmt"/>
        <line num="11" count="7" type="stmt"/>
        <line num="13" count="1" type="stmt"/>
        <line num="20" count="0" type="stmt"/>
        <line num="28" count="0" type="stmt"/>
        <line num="37" count="7" type="stmt"/>
      </file>
      <file name="queryIndexedDb.ts" path="/Users/francescobedussi/repo/personal/ganpro/src/services/queryIndexedDb.ts">
        <metrics statements="49" coveredstatements="45" conditionals="10" coveredconditionals="9" methods="16" coveredmethods="15"/>
        <line num="1" count="8" type="stmt"/>
        <line num="3" count="8" type="stmt"/>
        <line num="5" count="8" type="stmt"/>
        <line num="6" count="28" type="cond" truecount="2" falsecount="0"/>
        <line num="9" count="16" type="stmt"/>
        <line num="10" count="16" type="stmt"/>
        <line num="11" count="0" type="stmt"/>
        <line num="13" count="16" type="stmt"/>
        <line num="14" count="10" type="stmt"/>
        <line num="15" count="10" type="stmt"/>
        <line num="17" count="16" type="stmt"/>
        <line num="18" count="5" type="stmt"/>
        <line num="20" count="5" type="stmt"/>
        <line num="21" count="5" type="stmt"/>
        <line num="22" count="5" type="stmt"/>
        <line num="27" count="8" type="stmt"/>
        <line num="28" count="25" type="stmt"/>
        <line num="48" count="11" type="stmt"/>
        <line num="51" count="11" type="stmt"/>
        <line num="52" count="11" type="stmt"/>
        <line num="53" count="10" type="stmt"/>
        <line num="55" count="10" type="cond" truecount="5" falsecount="0"/>
        <line num="57" count="2" type="stmt"/>
        <line num="58" count="2" type="stmt"/>
        <line num="59" count="2" type="stmt"/>
        <line num="61" count="2" type="stmt"/>
        <line num="65" count="5" type="stmt"/>
        <line num="66" count="4" type="stmt"/>
        <line num="67" count="4" type="stmt"/>
        <line num="69" count="4" type="stmt"/>
        <line num="74" count="1" type="cond" truecount="1" falsecount="1"/>
        <line num="75" count="0" type="stmt"/>
        <line num="76" count="0" type="stmt"/>
        <line num="77" count="0" type="stmt"/>
        <line num="79" count="1" type="stmt"/>
        <line num="81" count="1" type="stmt"/>
        <line num="82" count="1" type="stmt"/>
        <line num="84" count="1" type="stmt"/>
        <line num="88" count="1" type="stmt"/>
        <line num="89" count="1" type="stmt"/>
        <line num="90" count="1" type="stmt"/>
        <line num="92" count="1" type="stmt"/>
        <line num="96" count="1" type="stmt"/>
        <line num="97" count="1" type="stmt"/>
        <line num="98" count="1" type="stmt"/>
        <line num="100" count="1" type="stmt"/>
        <line num="106" count="9" type="stmt"/>
        <line num="109" count="2" type="stmt"/>
        <line num="113" count="25" type="stmt"/>
      </file>
      <file name="tasks.ts" path="/Users/francescobedussi/repo/personal/ganpro/src/services/tasks.ts">
        <metrics statements="7" coveredstatements="4" conditionals="0" coveredconditionals="0" methods="4" coveredmethods="1"/>
        <line num="6" count="7" type="stmt"/>
        <line num="8" count="7" type="stmt"/>
        <line num="12" count="7" type="stmt"/>
        <line num="14" count="0" type="stmt"/>
        <line num="21" count="0" type="stmt"/>
        <line num="31" count="0" type="stmt"/>
        <line num="40" count="7" type="stmt"/>
      </file>
    </package>
    <package name="src.styleguide">
      <metrics statements="37" coveredstatements="31" conditionals="22" coveredconditionals="16" methods="10" coveredmethods="9"/>
      <file name="Button.tsx" path="/Users/francescobedussi/repo/personal/ganpro/src/styleguide/Button.tsx">
        <metrics statements="2" coveredstatements="2" conditionals="0" coveredconditionals="0" methods="1" coveredmethods="1"/>
        <line num="3" count="2" type="stmt"/>
        <line num="4" count="58" type="stmt"/>
      </file>
      <file name="Input.tsx" path="/Users/francescobedussi/repo/personal/ganpro/src/styleguide/Input.tsx">
        <metrics statements="2" coveredstatements="2" conditionals="2" coveredconditionals="2" methods="1" coveredmethods="1"/>
        <line num="3" count="3" type="stmt"/>
        <line num="9" count="233" type="stmt"/>
      </file>
      <file name="Modal.tsx" path="/Users/francescobedussi/repo/personal/ganpro/src/styleguide/Modal.tsx">
        <metrics statements="28" coveredstatements="23" conditionals="18" coveredconditionals="12" methods="5" coveredmethods="5"/>
        <line num="4" count="1" type="stmt"/>
        <line num="10" count="1" type="stmt"/>
        <line num="12" count="1" type="stmt"/>
        <line num="14" count="1" type="stmt"/>
        <line num="43" count="1" type="stmt"/>
        <line num="50" count="1" type="stmt"/>
        <line num="61" count="57" type="stmt"/>
        <line num="71" count="57" type="stmt"/>
        <line num="72" count="3" type="stmt"/>
        <line num="78" count="3" type="stmt"/>
        <line num="79" count="1" type="stmt"/>
        <line num="81" count="1" type="cond" truecount="1" falsecount="1"/>
        <line num="82" count="0" type="stmt"/>
        <line num="84" count="1" type="cond" truecount="1" falsecount="1"/>
        <line num="85" count="0" type="stmt"/>
        <line num="90" count="57" type="stmt"/>
        <line num="91" count="57" type="cond" truecount="1" falsecount="1"/>
        <line num="92" count="0" type="stmt"/>
        <line num="95" count="57" type="cond" truecount="2" falsecount="0"/>
        <line num="99" count="4" type="cond" truecount="2" falsecount="0"/>
        <line num="100" count="4" type="stmt"/>
        <line num="101" count="53" type="cond" truecount="2" falsecount="0"/>
        <line num="102" count="3" type="stmt"/>
        <line num="106" count="57" type="stmt"/>
        <line num="110" count="9" type="cond" truecount="3" falsecount="1"/>
        <line num="111" count="9" type="stmt"/>
        <line num="117" count="0" type="cond" truecount="0" falsecount="2"/>
        <line num="118" count="0" type="stmt"/>
      </file>
      <file name="Progress.tsx" path="/Users/francescobedussi/repo/personal/ganpro/src/styleguide/Progress.tsx">
        <metrics statements="2" coveredstatements="1" conditionals="0" coveredconditionals="0" methods="1" coveredmethods="0"/>
        <line num="3" count="1" type="stmt"/>
        <line num="4" count="0" type="stmt"/>
      </file>
      <file name="Select.tsx" path="/Users/francescobedussi/repo/personal/ganpro/src/styleguide/Select.tsx">
        <metrics statements="3" coveredstatements="3" conditionals="2" coveredconditionals="2" methods="2" coveredmethods="2"/>
        <line num="3" count="3" type="stmt"/>
        <line num="11" count="59" type="stmt"/>
        <line num="16" count="175" type="stmt"/>
      </file>
    </package>
  </project>
</coverage>
