{"/Users/francescobedussi/repo/personal/ganpro/src/store.ts": {"path":"/Users/francescobedussi/repo/personal/ganpro/src/store.ts","statementMap":{"0":{"start":{"line":6,"column":21},"end":{"line":13,"column":2}},"1":{"start":{"line":12,"column":4},"end":{"line":12,"column":80}},"2":{"start":{"line":17,"column":0},"end":{"line":17,"column":30}}},"fnMap":{"0":{"name":"(anonymous_0)","decl":{"start":{"line":11,"column":14},"end":{"line":11,"column":15}},"loc":{"start":{"line":12,"column":4},"end":{"line":12,"column":80}},"line":12}},"branchMap":{},"s":{"0":7,"1":7,"2":7},"f":{"0":7},"b":{},"_coverageSchema":"1a1c01bbd47fc00a2c39e90264f33305004495a9","hash":"d5d64217184633255276f0c78742d4ccb0870cc5"}
,"/Users/francescobedussi/repo/personal/ganpro/src/test-utils.tsx": {"path":"/Users/francescobedussi/repo/personal/ganpro/src/test-utils.tsx","statementMap":{"0":{"start":{"line":7,"column":24},"end":{"line":13,"column":1}},"1":{"start":{"line":8,"column":2},"end":{"line":12,"column":3}},"2":{"start":{"line":15,"column":21},"end":{"line":18,"column":57}},"3":{"start":{"line":18,"column":5},"end":{"line":18,"column":57}}},"fnMap":{"0":{"name":"(anonymous_0)","decl":{"start":{"line":7,"column":24},"end":{"line":7,"column":25}},"loc":{"start":{"line":7,"column":96},"end":{"line":13,"column":1}},"line":7},"1":{"name":"(anonymous_1)","decl":{"start":{"line":15,"column":21},"end":{"line":15,"column":22}},"loc":{"start":{"line":18,"column":5},"end":{"line":18,"column":57}},"line":18}},"branchMap":{"0":{"loc":{"start":{"line":10,"column":37},"end":{"line":10,"column":49}},"type":"binary-expr","locations":[{"start":{"line":10,"column":37},"end":{"line":10,"column":42}},{"start":{"line":10,"column":46},"end":{"line":10,"column":49}}],"line":10}},"s":{"0":7,"1":23,"2":7,"3":23},"f":{"0":23,"1":23},"b":{"0":[23,23]},"_coverageSchema":"1a1c01bbd47fc00a2c39e90264f33305004495a9","hash":"ddad8bdf6fb40d7b4cf650d13186ccb52855a99d"}
,"/Users/francescobedussi/repo/personal/ganpro/src/pages/projects/ProjectCard.tsx": {"path":"/Users/francescobedussi/repo/personal/ganpro/src/pages/projects/ProjectCard.tsx","statementMap":{"0":{"start":{"line":4,"column":20},"end":{"line":10,"column":1}},"1":{"start":{"line":5,"column":2},"end":{"line":9,"column":3}}},"fnMap":{"0":{"name":"(anonymous_0)","decl":{"start":{"line":4,"column":20},"end":{"line":4,"column":21}},"loc":{"start":{"line":4,"column":59},"end":{"line":10,"column":1}},"line":4}},"branchMap":{},"s":{"0":2,"1":111},"f":{"0":111},"b":{},"_coverageSchema":"1a1c01bbd47fc00a2c39e90264f33305004495a9","hash":"ccb6c4c4eba11ed561194d0a0eb81dc9e0478f6a"}
,"/Users/francescobedussi/repo/personal/ganpro/src/pages/projects/Projects.tsx": {"path":"/Users/francescobedussi/repo/personal/ganpro/src/pages/projects/Projects.tsx","statementMap":{"0":{"start":{"line":6,"column":25},"end":{"line":47,"column":1}},"1":{"start":{"line":13,"column":58},"end":{"line":13,"column":72}},"2":{"start":{"line":14,"column":46},"end":{"line":14,"column":58}},"3":{"start":{"line":16,"column":2},"end":{"line":46,"column":3}},"4":{"start":{"line":20,"column":8},"end":{"line":20,"column":58}},"5":{"start":{"line":29,"column":12},"end":{"line":29,"column":60}},"6":{"start":{"line":30,"column":12},"end":{"line":30,"column":46}},"7":{"start":{"line":38,"column":10},"end":{"line":38,"column":50}},"8":{"start":{"line":39,"column":10},"end":{"line":39,"column":31}},"9":{"start":{"line":40,"column":10},"end":{"line":40,"column":39}},"10":{"start":{"line":49,"column":17},"end":{"line":54,"column":1}},"11":{"start":{"line":50,"column":19},"end":{"line":50,"column":43}},"12":{"start":{"line":51,"column":27},"end":{"line":51,"column":50}},"13":{"start":{"line":53,"column":2},"end":{"line":53,"column":76}}},"fnMap":{"0":{"name":"(anonymous_0)","decl":{"start":{"line":6,"column":25},"end":{"line":6,"column":26}},"loc":{"start":{"line":12,"column":6},"end":{"line":47,"column":1}},"line":12},"1":{"name":"(anonymous_1)","decl":{"start":{"line":19,"column":20},"end":{"line":19,"column":21}},"loc":{"start":{"line":20,"column":8},"end":{"line":20,"column":58}},"line":20},"2":{"name":"(anonymous_2)","decl":{"start":{"line":28,"column":20},"end":{"line":28,"column":21}},"loc":{"start":{"line":28,"column":59},"end":{"line":31,"column":11}},"line":28},"3":{"name":"(anonymous_3)","decl":{"start":{"line":37,"column":17},"end":{"line":37,"column":18}},"loc":{"start":{"line":37,"column":23},"end":{"line":41,"column":9}},"line":37},"4":{"name":"(anonymous_4)","decl":{"start":{"line":49,"column":17},"end":{"line":49,"column":18}},"loc":{"start":{"line":49,"column":23},"end":{"line":54,"column":1}},"line":49}},"branchMap":{"0":{"loc":{"start":{"line":53,"column":30},"end":{"line":53,"column":40}},"type":"binary-expr","locations":[{"start":{"line":53,"column":30},"end":{"line":53,"column":34}},{"start":{"line":53,"column":38},"end":{"line":53,"column":40}}],"line":53}},"s":{"0":1,"1":55,"2":55,"3":55,"4":110,"5":44,"6":44,"7":3,"8":3,"9":3,"10":1,"11":0,"12":0,"13":0},"f":{"0":55,"1":110,"2":44,"3":3,"4":0},"b":{"0":[0,0]},"_coverageSchema":"1a1c01bbd47fc00a2c39e90264f33305004495a9","hash":"1810c417dce5ebab4d0da68ff6b53a4daa021114"}
,"/Users/francescobedussi/repo/personal/ganpro/src/pages/tasks/NewTaskData.tsx": {"path":"/Users/francescobedussi/repo/personal/ganpro/src/pages/tasks/NewTaskData.tsx","statementMap":{"0":{"start":{"line":7,"column":20},"end":{"line":56,"column":1}},"1":{"start":{"line":18,"column":2},"end":{"line":55,"column":3}},"2":{"start":{"line":22,"column":8},"end":{"line":22,"column":27}},"3":{"start":{"line":23,"column":21},"end":{"line":23,"column":49}},"4":{"start":{"line":24,"column":26},"end":{"line":24,"column":62}},"5":{"start":{"line":25,"column":27},"end":{"line":25,"column":63}},"6":{"start":{"line":26,"column":28},"end":{"line":26,"column":64}},"7":{"start":{"line":27,"column":30},"end":{"line":27,"column":66}},"8":{"start":{"line":28,"column":35},"end":{"line":28,"column":72}},"9":{"start":{"line":29,"column":8},"end":{"line":39,"column":10}},"10":{"start":{"line":37,"column":27},"end":{"line":37,"column":37}},"11":{"start":{"line":38,"column":22},"end":{"line":38,"column":31}},"12":{"start":{"line":50,"column":46},"end":{"line":50,"column":83}}},"fnMap":{"0":{"name":"(anonymous_0)","decl":{"start":{"line":7,"column":20},"end":{"line":7,"column":21}},"loc":{"start":{"line":17,"column":6},"end":{"line":56,"column":1}},"line":17},"1":{"name":"(anonymous_1)","decl":{"start":{"line":21,"column":16},"end":{"line":21,"column":17}},"loc":{"start":{"line":21,"column":22},"end":{"line":40,"column":7}},"line":21},"2":{"name":"(anonymous_2)","decl":{"start":{"line":37,"column":20},"end":{"line":37,"column":21}},"loc":{"start":{"line":37,"column":27},"end":{"line":37,"column":37}},"line":37},"3":{"name":"(anonymous_3)","decl":{"start":{"line":38,"column":17},"end":{"line":38,"column":18}},"loc":{"start":{"line":38,"column":22},"end":{"line":38,"column":31}},"line":38},"4":{"name":"(anonymous_4)","decl":{"start":{"line":50,"column":27},"end":{"line":50,"column":28}},"loc":{"start":{"line":50,"column":46},"end":{"line":50,"column":83}},"line":50}},"branchMap":{},"s":{"0":2,"1":58,"2":4,"3":4,"4":4,"5":4,"6":4,"7":4,"8":4,"9":4,"10":4,"11":1,"12":115},"f":{"0":58,"1":4,"2":4,"3":1,"4":115},"b":{},"_coverageSchema":"1a1c01bbd47fc00a2c39e90264f33305004495a9","hash":"d3eb091cce3b7c876288c1b8fabd61e2a041a5b0"}
,"/Users/francescobedussi/repo/personal/ganpro/src/pages/tasks/TaskCard.tsx": {"path":"/Users/francescobedussi/repo/personal/ganpro/src/pages/tasks/TaskCard.tsx","statementMap":{"0":{"start":{"line":3,"column":17},"end":{"line":5,"column":1}},"1":{"start":{"line":4,"column":2},"end":{"line":4,"column":39}}},"fnMap":{"0":{"name":"(anonymous_0)","decl":{"start":{"line":3,"column":17},"end":{"line":3,"column":18}},"loc":{"start":{"line":3,"column":47},"end":{"line":5,"column":1}},"line":3}},"branchMap":{},"s":{"0":1,"1":114},"f":{"0":114},"b":{},"_coverageSchema":"1a1c01bbd47fc00a2c39e90264f33305004495a9","hash":"7f5a59099448a5c41e00ed2702336c9546df3b7c"}
,"/Users/francescobedussi/repo/personal/ganpro/src/pages/tasks/Tasks.tsx": {"path":"/Users/francescobedussi/repo/personal/ganpro/src/pages/tasks/Tasks.tsx","statementMap":{"0":{"start":{"line":12,"column":22},"end":{"line":71,"column":1}},"1":{"start":{"line":21,"column":52},"end":{"line":21,"column":66}},"2":{"start":{"line":22,"column":40},"end":{"line":22,"column":55}},"3":{"start":{"line":23,"column":40},"end":{"line":23,"column":52}},"4":{"start":{"line":25,"column":2},"end":{"line":70,"column":3}},"5":{"start":{"line":32,"column":8},"end":{"line":32,"column":46}},"6":{"start":{"line":41,"column":12},"end":{"line":41,"column":57}},"7":{"start":{"line":42,"column":12},"end":{"line":42,"column":43}},"8":{"start":{"line":50,"column":10},"end":{"line":50,"column":30}},"9":{"start":{"line":56,"column":56},"end":{"line":56,"column":77}},"10":{"start":{"line":62,"column":12},"end":{"line":62,"column":30}},"11":{"start":{"line":63,"column":12},"end":{"line":63,"column":38}},"12":{"start":{"line":64,"column":12},"end":{"line":64,"column":33}},"13":{"start":{"line":65,"column":12},"end":{"line":65,"column":32}},"14":{"start":{"line":73,"column":14},"end":{"line":84,"column":1}},"15":{"start":{"line":74,"column":21},"end":{"line":74,"column":52}},"16":{"start":{"line":75,"column":28},"end":{"line":75,"column":62}},"17":{"start":{"line":76,"column":26},"end":{"line":76,"column":67}},"18":{"start":{"line":77,"column":24},"end":{"line":77,"column":44}},"19":{"start":{"line":79,"column":2},"end":{"line":83,"column":3}}},"fnMap":{"0":{"name":"(anonymous_0)","decl":{"start":{"line":12,"column":22},"end":{"line":12,"column":23}},"loc":{"start":{"line":20,"column":6},"end":{"line":71,"column":1}},"line":20},"1":{"name":"(anonymous_1)","decl":{"start":{"line":31,"column":17},"end":{"line":31,"column":18}},"loc":{"start":{"line":32,"column":8},"end":{"line":32,"column":46}},"line":32},"2":{"name":"(anonymous_2)","decl":{"start":{"line":40,"column":20},"end":{"line":40,"column":21}},"loc":{"start":{"line":40,"column":59},"end":{"line":43,"column":11}},"line":40},"3":{"name":"(anonymous_3)","decl":{"start":{"line":49,"column":17},"end":{"line":49,"column":18}},"loc":{"start":{"line":49,"column":23},"end":{"line":51,"column":9}},"line":49},"4":{"name":"(anonymous_4)","decl":{"start":{"line":56,"column":50},"end":{"line":56,"column":51}},"loc":{"start":{"line":56,"column":56},"end":{"line":56,"column":77}},"line":56},"5":{"name":"(anonymous_5)","decl":{"start":{"line":61,"column":20},"end":{"line":61,"column":21}},"loc":{"start":{"line":61,"column":31},"end":{"line":66,"column":11}},"line":61},"6":{"name":"(anonymous_6)","decl":{"start":{"line":73,"column":14},"end":{"line":73,"column":15}},"loc":{"start":{"line":73,"column":20},"end":{"line":84,"column":1}},"line":73}},"branchMap":{"0":{"loc":{"start":{"line":79,"column":9},"end":{"line":83,"column":3}},"type":"cond-expr","locations":[{"start":{"line":80,"column":4},"end":{"line":80,"column":16}},{"start":{"line":82,"column":4},"end":{"line":82,"column":78}}],"line":79},"1":{"loc":{"start":{"line":82,"column":37},"end":{"line":82,"column":48}},"type":"binary-expr","locations":[{"start":{"line":82,"column":37},"end":{"line":82,"column":42}},{"start":{"line":82,"column":46},"end":{"line":82,"column":48}}],"line":82}},"s":{"0":1,"1":57,"2":57,"3":57,"4":57,"5":114,"6":40,"7":40,"8":4,"9":0,"10":3,"11":3,"12":3,"13":3,"14":1,"15":0,"16":0,"17":0,"18":0,"19":0},"f":{"0":57,"1":114,"2":40,"3":4,"4":0,"5":3,"6":0},"b":{"0":[0,0],"1":[0,0]},"_coverageSchema":"1a1c01bbd47fc00a2c39e90264f33305004495a9","hash":"4447c6c0a8323dec2e99bda7d9729b3abedb1efc"}
,"/Users/francescobedussi/repo/personal/ganpro/src/services/projects.ts": {"path":"/Users/francescobedussi/repo/personal/ganpro/src/services/projects.ts","statementMap":{"0":{"start":{"line":5,"column":12},"end":{"line":5,"column":22}},"1":{"start":{"line":7,"column":27},"end":{"line":35,"column":2}},"2":{"start":{"line":11,"column":25},"end":{"line":34,"column":3}},"3":{"start":{"line":13,"column":20},"end":{"line":16,"column":7}},"4":{"start":{"line":20,"column":20},"end":{"line":23,"column":7}},"5":{"start":{"line":28,"column":25},"end":{"line":31,"column":7}},"6":{"start":{"line":37,"column":85},"end":{"line":37,"column":96}}},"fnMap":{"0":{"name":"(anonymous_0)","decl":{"start":{"line":11,"column":13},"end":{"line":11,"column":14}},"loc":{"start":{"line":11,"column":25},"end":{"line":34,"column":3}},"line":11},"1":{"name":"(anonymous_1)","decl":{"start":{"line":13,"column":13},"end":{"line":13,"column":14}},"loc":{"start":{"line":13,"column":20},"end":{"line":16,"column":7}},"line":13},"2":{"name":"(anonymous_2)","decl":{"start":{"line":20,"column":13},"end":{"line":20,"column":14}},"loc":{"start":{"line":20,"column":20},"end":{"line":23,"column":7}},"line":20},"3":{"name":"(anonymous_3)","decl":{"start":{"line":28,"column":13},"end":{"line":28,"column":14}},"loc":{"start":{"line":28,"column":25},"end":{"line":31,"column":7}},"line":28}},"branchMap":{},"s":{"0":7,"1":7,"2":7,"3":1,"4":0,"5":0,"6":7},"f":{"0":7,"1":1,"2":0,"3":0},"b":{},"_coverageSchema":"1a1c01bbd47fc00a2c39e90264f33305004495a9","hash":"4343126db2fc770b8d597a67eb63c5b835332255"}
,"/Users/francescobedussi/repo/personal/ganpro/src/services/queryIndexedDb.ts": {"path":"/Users/francescobedussi/repo/personal/ganpro/src/services/queryIndexedDb.ts","statementMap":{"0":{"start":{"line":1,"column":15},"end":{"line":1,"column":23}},"1":{"start":{"line":3,"column":34},"end":{"line":3,"column":43}},"2":{"start":{"line":5,"column":23},"end":{"line":25,"column":1}},"3":{"start":{"line":6,"column":2},"end":{"line":24,"column":8}},"4":{"start":{"line":9,"column":24},"end":{"line":9,"column":46}},"5":{"start":{"line":10,"column":8},"end":{"line":12,"column":9}},"6":{"start":{"line":11,"column":10},"end":{"line":11,"column":28}},"7":{"start":{"line":13,"column":8},"end":{"line":16,"column":9}},"8":{"start":{"line":14,"column":10},"end":{"line":14,"column":29}},"9":{"start":{"line":15,"column":10},"end":{"line":15,"column":29}},"10":{"start":{"line":17,"column":8},"end":{"line":23,"column":9}},"11":{"start":{"line":18,"column":21},"end":{"line":18,"column":35}},"12":{"start":{"line":20,"column":10},"end":{"line":20,"column":82}},"13":{"start":{"line":21,"column":29},"end":{"line":21,"column":98}},"14":{"start":{"line":22,"column":10},"end":{"line":22,"column":71}},"15":{"start":{"line":27,"column":30},"end":{"line":114,"column":1}},"16":{"start":{"line":28,"column":13},"end":{"line":28,"column":28}},"17":{"start":{"line":48,"column":4},"end":{"line":110,"column":8}},"18":{"start":{"line":51,"column":10},"end":{"line":103,"column":12}},"19":{"start":{"line":52,"column":32},"end":{"line":52,"column":73}},"20":{"start":{"line":53,"column":32},"end":{"line":53,"column":67}},"21":{"start":{"line":55,"column":12},"end":{"line":102,"column":13}},"22":{"start":{"line":57,"column":32},"end":{"line":57,"column":54}},"23":{"start":{"line":58,"column":16},"end":{"line":60,"column":17}},"24":{"start":{"line":59,"column":18},"end":{"line":59,"column":37}},"25":{"start":{"line":61,"column":16},"end":{"line":61,"column":21}},"26":{"start":{"line":65,"column":32},"end":{"line":65,"column":54}},"27":{"start":{"line":66,"column":16},"end":{"line":68,"column":17}},"28":{"start":{"line":67,"column":18},"end":{"line":67,"column":37}},"29":{"start":{"line":69,"column":16},"end":{"line":69,"column":21}},"30":{"start":{"line":74,"column":16},"end":{"line":80,"column":17}},"31":{"start":{"line":75,"column":50},"end":{"line":75,"column":74}},"32":{"start":{"line":76,"column":32},"end":{"line":76,"column":60}},"33":{"start":{"line":77,"column":18},"end":{"line":77,"column":67}},"34":{"start":{"line":79,"column":18},"end":{"line":79,"column":53}},"35":{"start":{"line":81,"column":16},"end":{"line":83,"column":17}},"36":{"start":{"line":82,"column":18},"end":{"line":82,"column":37}},"37":{"start":{"line":84,"column":16},"end":{"line":84,"column":21}},"38":{"start":{"line":88,"column":32},"end":{"line":88,"column":54}},"39":{"start":{"line":89,"column":16},"end":{"line":91,"column":17}},"40":{"start":{"line":90,"column":18},"end":{"line":90,"column":28}},"41":{"start":{"line":92,"column":16},"end":{"line":92,"column":21}},"42":{"start":{"line":96,"column":32},"end":{"line":96,"column":57}},"43":{"start":{"line":97,"column":16},"end":{"line":99,"column":17}},"44":{"start":{"line":98,"column":18},"end":{"line":98,"column":27}},"45":{"start":{"line":100,"column":16},"end":{"line":100,"column":21}},"46":{"start":{"line":106,"column":8},"end":{"line":106,"column":23}},"47":{"start":{"line":109,"column":8},"end":{"line":109,"column":24}},"48":{"start":{"line":113,"column":2},"end":{"line":113,"column":16}}},"fnMap":{"0":{"name":"(anonymous_0)","decl":{"start":{"line":5,"column":23},"end":{"line":5,"column":24}},"loc":{"start":{"line":5,"column":71},"end":{"line":25,"column":1}},"line":5},"1":{"name":"(anonymous_1)","decl":{"start":{"line":8,"column":18},"end":{"line":8,"column":19}},"loc":{"start":{"line":8,"column":32},"end":{"line":24,"column":7}},"line":8},"2":{"name":"(anonymous_2)","decl":{"start":{"line":10,"column":26},"end":{"line":10,"column":27}},"loc":{"start":{"line":10,"column":32},"end":{"line":12,"column":9}},"line":10},"3":{"name":"(anonymous_3)","decl":{"start":{"line":13,"column":28},"end":{"line":13,"column":29}},"loc":{"start":{"line":13,"column":34},"end":{"line":16,"column":9}},"line":13},"4":{"name":"(anonymous_4)","decl":{"start":{"line":17,"column":34},"end":{"line":17,"column":35}},"loc":{"start":{"line":17,"column":40},"end":{"line":23,"column":9}},"line":17},"5":{"name":"(anonymous_5)","decl":{"start":{"line":27,"column":30},"end":{"line":27,"column":31}},"loc":{"start":{"line":27,"column":54},"end":{"line":114,"column":1}},"line":27},"6":{"name":"queryFn","decl":{"start":{"line":41,"column":11},"end":{"line":41,"column":18}},"loc":{"start":{"line":47,"column":32},"end":{"line":111,"column":3}},"line":47},"7":{"name":"(anonymous_7)","decl":{"start":{"line":50,"column":8},"end":{"line":50,"column":9}},"loc":{"start":{"line":51,"column":10},"end":{"line":103,"column":12}},"line":51},"8":{"name":"(anonymous_8)","decl":{"start":{"line":51,"column":22},"end":{"line":51,"column":23}},"loc":{"start":{"line":51,"column":29},"end":{"line":103,"column":11}},"line":51},"9":{"name":"(anonymous_9)","decl":{"start":{"line":58,"column":36},"end":{"line":58,"column":37}},"loc":{"start":{"line":58,"column":42},"end":{"line":60,"column":17}},"line":58},"10":{"name":"(anonymous_10)","decl":{"start":{"line":66,"column":36},"end":{"line":66,"column":37}},"loc":{"start":{"line":66,"column":42},"end":{"line":68,"column":17}},"line":66},"11":{"name":"(anonymous_11)","decl":{"start":{"line":81,"column":36},"end":{"line":81,"column":37}},"loc":{"start":{"line":81,"column":42},"end":{"line":83,"column":17}},"line":81},"12":{"name":"(anonymous_12)","decl":{"start":{"line":89,"column":36},"end":{"line":89,"column":37}},"loc":{"start":{"line":89,"column":42},"end":{"line":91,"column":17}},"line":89},"13":{"name":"(anonymous_13)","decl":{"start":{"line":97,"column":36},"end":{"line":97,"column":37}},"loc":{"start":{"line":97,"column":42},"end":{"line":99,"column":17}},"line":97},"14":{"name":"(anonymous_14)","decl":{"start":{"line":105,"column":12},"end":{"line":105,"column":13}},"loc":{"start":{"line":105,"column":20},"end":{"line":107,"column":7}},"line":105},"15":{"name":"(anonymous_15)","decl":{"start":{"line":108,"column":13},"end":{"line":108,"column":14}},"loc":{"start":{"line":108,"column":22},"end":{"line":110,"column":7}},"line":108}},"branchMap":{"0":{"loc":{"start":{"line":6,"column":9},"end":{"line":24,"column":8}},"type":"cond-expr","locations":[{"start":{"line":7,"column":6},"end":{"line":7,"column":25}},{"start":{"line":8,"column":6},"end":{"line":24,"column":8}}],"line":6},"1":{"loc":{"start":{"line":43,"column":4},"end":{"line":43,"column":22}},"type":"default-arg","locations":[{"start":{"line":43,"column":16},"end":{"line":43,"column":22}}],"line":43},"2":{"loc":{"start":{"line":55,"column":12},"end":{"line":102,"column":13}},"type":"switch","locations":[{"start":{"line":56,"column":14},"end":{"line":62,"column":15}},{"start":{"line":64,"column":14},"end":{"line":70,"column":15}},{"start":{"line":72,"column":14},"end":{"line":85,"column":15}},{"start":{"line":87,"column":14},"end":{"line":93,"column":15}},{"start":{"line":95,"column":14},"end":{"line":101,"column":15}}],"line":55},"3":{"loc":{"start":{"line":74,"column":16},"end":{"line":80,"column":17}},"type":"if","locations":[{"start":{"line":74,"column":16},"end":{"line":80,"column":17}},{"start":{"line":78,"column":23},"end":{"line":80,"column":17}}],"line":74}},"s":{"0":8,"1":8,"2":8,"3":28,"4":16,"5":16,"6":0,"7":16,"8":10,"9":10,"10":16,"11":5,"12":5,"13":5,"14":5,"15":8,"16":25,"17":11,"18":11,"19":11,"20":10,"21":10,"22":2,"23":2,"24":2,"25":2,"26":5,"27":4,"28":4,"29":4,"30":1,"31":0,"32":0,"33":0,"34":1,"35":1,"36":1,"37":1,"38":1,"39":1,"40":1,"41":1,"42":1,"43":1,"44":1,"45":1,"46":9,"47":2,"48":25},"f":{"0":28,"1":16,"2":0,"3":10,"4":5,"5":25,"6":11,"7":11,"8":11,"9":2,"10":4,"11":1,"12":1,"13":1,"14":9,"15":2},"b":{"0":[12,16],"1":[5],"2":[2,5,1,1,1],"3":[0,1]},"_coverageSchema":"1a1c01bbd47fc00a2c39e90264f33305004495a9","hash":"c9a3059b0296dc841891eb1f0be4f4c608b9f7d3"}
,"/Users/francescobedussi/repo/personal/ganpro/src/services/tasks.ts": {"path":"/Users/francescobedussi/repo/personal/ganpro/src/services/tasks.ts","statementMap":{"0":{"start":{"line":6,"column":12},"end":{"line":6,"column":19}},"1":{"start":{"line":8,"column":24},"end":{"line":38,"column":2}},"2":{"start":{"line":12,"column":25},"end":{"line":37,"column":3}},"3":{"start":{"line":14,"column":20},"end":{"line":17,"column":7}},"4":{"start":{"line":21,"column":24},"end":{"line":26,"column":7}},"5":{"start":{"line":31,"column":22},"end":{"line":34,"column":7}},"6":{"start":{"line":40,"column":82},"end":{"line":40,"column":90}}},"fnMap":{"0":{"name":"(anonymous_0)","decl":{"start":{"line":12,"column":13},"end":{"line":12,"column":14}},"loc":{"start":{"line":12,"column":25},"end":{"line":37,"column":3}},"line":12},"1":{"name":"(anonymous_1)","decl":{"start":{"line":14,"column":13},"end":{"line":14,"column":14}},"loc":{"start":{"line":14,"column":20},"end":{"line":17,"column":7}},"line":14},"2":{"name":"(anonymous_2)","decl":{"start":{"line":21,"column":13},"end":{"line":21,"column":14}},"loc":{"start":{"line":21,"column":24},"end":{"line":26,"column":7}},"line":21},"3":{"name":"(anonymous_3)","decl":{"start":{"line":31,"column":13},"end":{"line":31,"column":14}},"loc":{"start":{"line":31,"column":22},"end":{"line":34,"column":7}},"line":31}},"branchMap":{},"s":{"0":7,"1":7,"2":7,"3":0,"4":0,"5":0,"6":7},"f":{"0":7,"1":0,"2":0,"3":0},"b":{},"_coverageSchema":"1a1c01bbd47fc00a2c39e90264f33305004495a9","hash":"d0662b036686cf1bc711fd738cebe569749a7526"}
,"/Users/francescobedussi/repo/personal/ganpro/src/styleguide/Button.tsx": {"path":"/Users/francescobedussi/repo/personal/ganpro/src/styleguide/Button.tsx","statementMap":{"0":{"start":{"line":3,"column":22},"end":{"line":5,"column":1}},"1":{"start":{"line":4,"column":2},"end":{"line":4,"column":47}}},"fnMap":{"0":{"name":"(anonymous_0)","decl":{"start":{"line":3,"column":22},"end":{"line":3,"column":23}},"loc":{"start":{"line":3,"column":91},"end":{"line":5,"column":1}},"line":3}},"branchMap":{},"s":{"0":2,"1":58},"f":{"0":58},"b":{},"_coverageSchema":"1a1c01bbd47fc00a2c39e90264f33305004495a9","hash":"375a92dcf896a605624ac72a12d8bfc520e607f3"}
,"/Users/francescobedussi/repo/personal/ganpro/src/styleguide/Input.tsx": {"path":"/Users/francescobedussi/repo/personal/ganpro/src/styleguide/Input.tsx","statementMap":{"0":{"start":{"line":3,"column":21},"end":{"line":15,"column":1}},"1":{"start":{"line":9,"column":2},"end":{"line":14,"column":3}}},"fnMap":{"0":{"name":"(anonymous_0)","decl":{"start":{"line":3,"column":21},"end":{"line":3,"column":22}},"loc":{"start":{"line":8,"column":36},"end":{"line":15,"column":1}},"line":8}},"branchMap":{"0":{"loc":{"start":{"line":11,"column":7},"end":{"line":11,"column":38}},"type":"binary-expr","locations":[{"start":{"line":11,"column":7},"end":{"line":11,"column":14}},{"start":{"line":11,"column":18},"end":{"line":11,"column":38}}],"line":11}},"s":{"0":3,"1":233},"f":{"0":233},"b":{"0":[233,233]},"_coverageSchema":"1a1c01bbd47fc00a2c39e90264f33305004495a9","hash":"3726eef4614cb803948fd25321536de1b9d35bcf"}
,"/Users/francescobedussi/repo/personal/ganpro/src/styleguide/Modal.tsx": {"path":"/Users/francescobedussi/repo/personal/ganpro/src/styleguide/Modal.tsx","statementMap":{"0":{"start":{"line":4,"column":27},"end":{"line":8,"column":1}},"1":{"start":{"line":10,"column":22},"end":{"line":10,"column":26}},"2":{"start":{"line":12,"column":17},"end":{"line":12,"column":20}},"3":{"start":{"line":14,"column":15},"end":{"line":41,"column":1}},"4":{"start":{"line":43,"column":16},"end":{"line":48,"column":1}},"5":{"start":{"line":50,"column":14},"end":{"line":130,"column":1}},"6":{"start":{"line":61,"column":20},"end":{"line":69,"column":9}},"7":{"start":{"line":71,"column":16},"end":{"line":88,"column":30}},"8":{"start":{"line":72,"column":4},"end":{"line":72,"column":54}},"9":{"start":{"line":78,"column":4},"end":{"line":87,"column":16}},"10":{"start":{"line":79,"column":6},"end":{"line":79,"column":56}},"11":{"start":{"line":81,"column":6},"end":{"line":83,"column":7}},"12":{"start":{"line":82,"column":8},"end":{"line":82,"column":34}},"13":{"start":{"line":84,"column":6},"end":{"line":86,"column":7}},"14":{"start":{"line":85,"column":8},"end":{"line":85,"column":24}},"15":{"start":{"line":90,"column":2},"end":{"line":104,"column":21}},"16":{"start":{"line":91,"column":4},"end":{"line":93,"column":5}},"17":{"start":{"line":92,"column":6},"end":{"line":92,"column":12}},"18":{"start":{"line":95,"column":4},"end":{"line":103,"column":5}},"19":{"start":{"line":99,"column":6},"end":{"line":99,"column":64}},"20":{"start":{"line":100,"column":6},"end":{"line":100,"column":53}},"21":{"start":{"line":101,"column":11},"end":{"line":103,"column":5}},"22":{"start":{"line":102,"column":6},"end":{"line":102,"column":13}},"23":{"start":{"line":106,"column":2},"end":{"line":129,"column":3}},"24":{"start":{"line":110,"column":8},"end":{"line":112,"column":9}},"25":{"start":{"line":111,"column":10},"end":{"line":111,"column":16}},"26":{"start":{"line":117,"column":8},"end":{"line":119,"column":9}},"27":{"start":{"line":118,"column":10},"end":{"line":118,"column":17}}},"fnMap":{"0":{"name":"(anonymous_0)","decl":{"start":{"line":50,"column":14},"end":{"line":50,"column":15}},"loc":{"start":{"line":60,"column":6},"end":{"line":130,"column":1}},"line":60},"1":{"name":"(anonymous_1)","decl":{"start":{"line":71,"column":28},"end":{"line":71,"column":29}},"loc":{"start":{"line":71,"column":34},"end":{"line":88,"column":3}},"line":71},"2":{"name":"(anonymous_2)","decl":{"start":{"line":78,"column":15},"end":{"line":78,"column":16}},"loc":{"start":{"line":78,"column":21},"end":{"line":87,"column":5}},"line":78},"3":{"name":"(anonymous_3)","decl":{"start":{"line":90,"column":12},"end":{"line":90,"column":13}},"loc":{"start":{"line":90,"column":18},"end":{"line":104,"column":3}},"line":90},"4":{"name":"(anonymous_4)","decl":{"start":{"line":109,"column":15},"end":{"line":109,"column":16}},"loc":{"start":{"line":109,"column":20},"end":{"line":120,"column":7}},"line":109}},"branchMap":{"0":{"loc":{"start":{"line":81,"column":6},"end":{"line":83,"column":7}},"type":"if","locations":[{"start":{"line":81,"column":6},"end":{"line":83,"column":7}},{"start":{},"end":{}}],"line":81},"1":{"loc":{"start":{"line":84,"column":6},"end":{"line":86,"column":7}},"type":"if","locations":[{"start":{"line":84,"column":6},"end":{"line":86,"column":7}},{"start":{},"end":{}}],"line":84},"2":{"loc":{"start":{"line":91,"column":4},"end":{"line":93,"column":5}},"type":"if","locations":[{"start":{"line":91,"column":4},"end":{"line":93,"column":5}},{"start":{},"end":{}}],"line":91},"3":{"loc":{"start":{"line":95,"column":4},"end":{"line":103,"column":5}},"type":"if","locations":[{"start":{"line":95,"column":4},"end":{"line":103,"column":5}},{"start":{"line":101,"column":11},"end":{"line":103,"column":5}}],"line":95},"4":{"loc":{"start":{"line":99,"column":6},"end":{"line":99,"column":64}},"type":"binary-expr","locations":[{"start":{"line":99,"column":6},"end":{"line":99,"column":30}},{"start":{"line":99,"column":34},"end":{"line":99,"column":64}}],"line":99},"5":{"loc":{"start":{"line":101,"column":11},"end":{"line":103,"column":5}},"type":"if","locations":[{"start":{"line":101,"column":11},"end":{"line":103,"column":5}},{"start":{},"end":{}}],"line":101},"6":{"loc":{"start":{"line":110,"column":8},"end":{"line":112,"column":9}},"type":"if","locations":[{"start":{"line":110,"column":8},"end":{"line":112,"column":9}},{"start":{},"end":{}}],"line":110},"7":{"loc":{"start":{"line":110,"column":12},"end":{"line":110,"column":55}},"type":"binary-expr","locations":[{"start":{"line":110,"column":12},"end":{"line":110,"column":30}},{"start":{"line":110,"column":34},"end":{"line":110,"column":55}}],"line":110},"8":{"loc":{"start":{"line":117,"column":8},"end":{"line":119,"column":9}},"type":"if","locations":[{"start":{"line":117,"column":8},"end":{"line":119,"column":9}},{"start":{},"end":{}}],"line":117}},"s":{"0":1,"1":1,"2":1,"3":1,"4":1,"5":1,"6":57,"7":57,"8":3,"9":3,"10":1,"11":1,"12":0,"13":1,"14":0,"15":57,"16":57,"17":0,"18":57,"19":4,"20":4,"21":53,"22":3,"23":57,"24":9,"25":9,"26":0,"27":0},"f":{"0":57,"1":3,"2":1,"3":57,"4":9},"b":{"0":[0,1],"1":[0,1],"2":[0,57],"3":[4,53],"4":[4,4],"5":[3,50],"6":[9,0],"7":[9,9],"8":[0,0]},"_coverageSchema":"1a1c01bbd47fc00a2c39e90264f33305004495a9","hash":"d42dd0a1625e28206bc4786197283b7d3d5f12e8"}
,"/Users/francescobedussi/repo/personal/ganpro/src/styleguide/Progress.tsx": {"path":"/Users/francescobedussi/repo/personal/ganpro/src/styleguide/Progress.tsx","statementMap":{"0":{"start":{"line":3,"column":24},"end":{"line":5,"column":1}},"1":{"start":{"line":4,"column":2},"end":{"line":4,"column":41}}},"fnMap":{"0":{"name":"(anonymous_0)","decl":{"start":{"line":3,"column":24},"end":{"line":3,"column":25}},"loc":{"start":{"line":3,"column":67},"end":{"line":5,"column":1}},"line":3}},"branchMap":{},"s":{"0":1,"1":0},"f":{"0":0},"b":{},"_coverageSchema":"1a1c01bbd47fc00a2c39e90264f33305004495a9","hash":"50e0c8c2480dbc6f1923cf3b10932917a2f5e2db"}
,"/Users/francescobedussi/repo/personal/ganpro/src/styleguide/Select.tsx": {"path":"/Users/francescobedussi/repo/personal/ganpro/src/styleguide/Select.tsx","statementMap":{"0":{"start":{"line":3,"column":22},"end":{"line":23,"column":1}},"1":{"start":{"line":11,"column":2},"end":{"line":22,"column":3}},"2":{"start":{"line":16,"column":10},"end":{"line":18,"column":19}}},"fnMap":{"0":{"name":"(anonymous_0)","decl":{"start":{"line":3,"column":22},"end":{"line":3,"column":23}},"loc":{"start":{"line":10,"column":37},"end":{"line":23,"column":1}},"line":10},"1":{"name":"(anonymous_1)","decl":{"start":{"line":15,"column":21},"end":{"line":15,"column":22}},"loc":{"start":{"line":16,"column":10},"end":{"line":18,"column":19}},"line":16}},"branchMap":{"0":{"loc":{"start":{"line":13,"column":7},"end":{"line":13,"column":38}},"type":"binary-expr","locations":[{"start":{"line":13,"column":7},"end":{"line":13,"column":14}},{"start":{"line":13,"column":18},"end":{"line":13,"column":38}}],"line":13}},"s":{"0":3,"1":59,"2":175},"f":{"0":59,"1":175},"b":{"0":[59,59]},"_coverageSchema":"1a1c01bbd47fc00a2c39e90264f33305004495a9","hash":"3827b0597615a7d163214e4bf7b7234a20e27e85"}
}
