TN:
SF:src/store.ts
FN:11,(anonymous_0)
FNF:1
FNH:1
FNDA:7,(anonymous_0)
DA:6,7
DA:12,7
DA:17,7
LF:3
LH:3
BRF:0
BRH:0
end_of_record
TN:
SF:src/test-utils.tsx
FN:7,(anonymous_0)
FN:15,(anonymous_1)
FNF:2
FNH:2
FNDA:23,(anonymous_0)
FNDA:23,(anonymous_1)
DA:7,7
DA:8,23
DA:15,7
DA:18,23
LF:4
LH:4
BRDA:10,0,0,23
BRDA:10,0,1,23
BRF:2
BRH:2
end_of_record
TN:
SF:src/pages/projects/ProjectCard.tsx
FN:4,(anonymous_0)
FNF:1
FNH:1
FNDA:111,(anonymous_0)
DA:4,2
DA:5,111
LF:2
LH:2
BRF:0
BRH:0
end_of_record
TN:
SF:src/pages/projects/Projects.tsx
FN:6,(anonymous_0)
FN:19,(anonymous_1)
FN:28,(anonymous_2)
FN:37,(anonymous_3)
FN:49,(anonymous_4)
FNF:5
FNH:4
FNDA:55,(anonymous_0)
FNDA:110,(anonymous_1)
FNDA:44,(anonymous_2)
FNDA:3,(anonymous_3)
FNDA:0,(anonymous_4)
DA:6,1
DA:13,55
DA:14,55
DA:16,55
DA:20,110
DA:29,44
DA:30,44
DA:38,3
DA:39,3
DA:40,3
DA:49,1
DA:50,0
DA:51,0
DA:53,0
LF:14
LH:11
BRDA:53,0,0,0
BRDA:53,0,1,0
BRF:2
BRH:0
end_of_record
TN:
SF:src/pages/tasks/NewTaskData.tsx
FN:7,(anonymous_0)
FN:21,(anonymous_1)
FN:37,(anonymous_2)
FN:38,(anonymous_3)
FN:50,(anonymous_4)
FNF:5
FNH:5
FNDA:58,(anonymous_0)
FNDA:4,(anonymous_1)
FNDA:4,(anonymous_2)
FNDA:1,(anonymous_3)
FNDA:115,(anonymous_4)
DA:7,2
DA:18,58
DA:22,4
DA:23,4
DA:24,4
DA:25,4
DA:26,4
DA:27,4
DA:28,4
DA:29,4
DA:37,4
DA:38,1
DA:50,115
LF:13
LH:13
BRF:0
BRH:0
end_of_record
TN:
SF:src/pages/tasks/TaskCard.tsx
FN:3,(anonymous_0)
FNF:1
FNH:1
FNDA:114,(anonymous_0)
DA:3,1
DA:4,114
LF:2
LH:2
BRF:0
BRH:0
end_of_record
TN:
SF:src/pages/tasks/Tasks.tsx
FN:12,(anonymous_0)
FN:31,(anonymous_1)
FN:40,(anonymous_2)
FN:49,(anonymous_3)
FN:56,(anonymous_4)
FN:61,(anonymous_5)
FN:73,(anonymous_6)
FNF:7
FNH:5
FNDA:57,(anonymous_0)
FNDA:114,(anonymous_1)
FNDA:40,(anonymous_2)
FNDA:4,(anonymous_3)
FNDA:0,(anonymous_4)
FNDA:3,(anonymous_5)
FNDA:0,(anonymous_6)
DA:12,1
DA:21,57
DA:22,57
DA:23,57
DA:25,57
DA:32,114
DA:41,40
DA:42,40
DA:50,4
DA:56,0
DA:62,3
DA:63,3
DA:64,3
DA:65,3
DA:73,1
DA:74,0
DA:75,0
DA:76,0
DA:77,0
DA:79,0
LF:20
LH:14
BRDA:79,0,0,0
BRDA:79,0,1,0
BRDA:82,1,0,0
BRDA:82,1,1,0
BRF:4
BRH:0
end_of_record
TN:
SF:src/services/projects.ts
FN:11,(anonymous_0)
FN:13,(anonymous_1)
FN:20,(anonymous_2)
FN:28,(anonymous_3)
FNF:4
FNH:2
FNDA:7,(anonymous_0)
FNDA:1,(anonymous_1)
FNDA:0,(anonymous_2)
FNDA:0,(anonymous_3)
DA:5,7
DA:7,7
DA:11,7
DA:13,1
DA:20,0
DA:28,0
DA:37,7
LF:7
LH:5
BRF:0
BRH:0
end_of_record
TN:
SF:src/services/queryIndexedDb.ts
FN:5,(anonymous_0)
FN:8,(anonymous_1)
FN:10,(anonymous_2)
FN:13,(anonymous_3)
FN:17,(anonymous_4)
FN:27,(anonymous_5)
FN:41,queryFn
FN:50,(anonymous_7)
FN:51,(anonymous_8)
FN:58,(anonymous_9)
FN:66,(anonymous_10)
FN:81,(anonymous_11)
FN:89,(anonymous_12)
FN:97,(anonymous_13)
FN:105,(anonymous_14)
FN:108,(anonymous_15)
FNF:16
FNH:15
FNDA:28,(anonymous_0)
FNDA:16,(anonymous_1)
FNDA:0,(anonymous_2)
FNDA:10,(anonymous_3)
FNDA:5,(anonymous_4)
FNDA:25,(anonymous_5)
FNDA:11,queryFn
FNDA:11,(anonymous_7)
FNDA:11,(anonymous_8)
FNDA:2,(anonymous_9)
FNDA:4,(anonymous_10)
FNDA:1,(anonymous_11)
FNDA:1,(anonymous_12)
FNDA:1,(anonymous_13)
FNDA:9,(anonymous_14)
FNDA:2,(anonymous_15)
DA:1,8
DA:3,8
DA:5,8
DA:6,28
DA:9,16
DA:10,16
DA:11,0
DA:13,16
DA:14,10
DA:15,10
DA:17,16
DA:18,5
DA:20,5
DA:21,5
DA:22,5
DA:27,8
DA:28,25
DA:48,11
DA:51,11
DA:52,11
DA:53,10
DA:55,10
DA:57,2
DA:58,2
DA:59,2
DA:61,2
DA:65,5
DA:66,4
DA:67,4
DA:69,4
DA:74,1
DA:75,0
DA:76,0
DA:77,0
DA:79,1
DA:81,1
DA:82,1
DA:84,1
DA:88,1
DA:89,1
DA:90,1
DA:92,1
DA:96,1
DA:97,1
DA:98,1
DA:100,1
DA:106,9
DA:109,2
DA:113,25
LF:49
LH:45
BRDA:6,0,0,12
BRDA:6,0,1,16
BRDA:43,1,0,5
BRDA:55,2,0,2
BRDA:55,2,1,5
BRDA:55,2,2,1
BRDA:55,2,3,1
BRDA:55,2,4,1
BRDA:74,3,0,0
BRDA:74,3,1,1
BRF:10
BRH:9
end_of_record
TN:
SF:src/services/tasks.ts
FN:12,(anonymous_0)
FN:14,(anonymous_1)
FN:21,(anonymous_2)
FN:31,(anonymous_3)
FNF:4
FNH:1
FNDA:7,(anonymous_0)
FNDA:0,(anonymous_1)
FNDA:0,(anonymous_2)
FNDA:0,(anonymous_3)
DA:6,7
DA:8,7
DA:12,7
DA:14,0
DA:21,0
DA:31,0
DA:40,7
LF:7
LH:4
BRF:0
BRH:0
end_of_record
TN:
SF:src/styleguide/Button.tsx
FN:3,(anonymous_0)
FNF:1
FNH:1
FNDA:58,(anonymous_0)
DA:3,2
DA:4,58
LF:2
LH:2
BRF:0
BRH:0
end_of_record
TN:
SF:src/styleguide/Input.tsx
FN:3,(anonymous_0)
FNF:1
FNH:1
FNDA:233,(anonymous_0)
DA:3,3
DA:9,233
LF:2
LH:2
BRDA:11,0,0,233
BRDA:11,0,1,233
BRF:2
BRH:2
end_of_record
TN:
SF:src/styleguide/Modal.tsx
FN:50,(anonymous_0)
FN:71,(anonymous_1)
FN:78,(anonymous_2)
FN:90,(anonymous_3)
FN:109,(anonymous_4)
FNF:5
FNH:5
FNDA:57,(anonymous_0)
FNDA:3,(anonymous_1)
FNDA:1,(anonymous_2)
FNDA:57,(anonymous_3)
FNDA:9,(anonymous_4)
DA:4,1
DA:10,1
DA:12,1
DA:14,1
DA:43,1
DA:50,1
DA:61,57
DA:71,57
DA:72,3
DA:78,3
DA:79,1
DA:81,1
DA:82,0
DA:84,1
DA:85,0
DA:90,57
DA:91,57
DA:92,0
DA:95,57
DA:99,4
DA:100,4
DA:101,53
DA:102,3
DA:106,57
DA:110,9
DA:111,9
DA:117,0
DA:118,0
LF:28
LH:23
BRDA:81,0,0,0
BRDA:81,0,1,1
BRDA:84,1,0,0
BRDA:84,1,1,1
BRDA:91,2,0,0
BRDA:91,2,1,57
BRDA:95,3,0,4
BRDA:95,3,1,53
BRDA:99,4,0,4
BRDA:99,4,1,4
BRDA:101,5,0,3
BRDA:101,5,1,50
BRDA:110,6,0,9
BRDA:110,6,1,0
BRDA:110,7,0,9
BRDA:110,7,1,9
BRDA:117,8,0,0
BRDA:117,8,1,0
BRF:18
BRH:12
end_of_record
TN:
SF:src/styleguide/Progress.tsx
FN:3,(anonymous_0)
FNF:1
FNH:0
FNDA:0,(anonymous_0)
DA:3,1
DA:4,0
LF:2
LH:1
BRF:0
BRH:0
end_of_record
TN:
SF:src/styleguide/Select.tsx
FN:3,(anonymous_0)
FN:15,(anonymous_1)
FNF:2
FNH:2
FNDA:59,(anonymous_0)
FNDA:175,(anonymous_1)
DA:3,3
DA:11,59
DA:16,175
LF:3
LH:3
BRDA:13,0,0,59
BRDA:13,0,1,59
BRF:2
BRH:2
end_of_record
